1: normal multicast
2: add new participent after P1 stable multicast
3: crash P1 after stable multicast
4: crash P1 after unstable multicast
5: crash P2 after receiving multicast
6: crash P3 after receiving view change msg
SELECT THE OPTION
option 5 selected
>>> Wait for the chats to stop and press ENTER <<<
1 send multicast m1 within 0
4 deliver multicast m1 from 1 within 0
0 deliver multicast m1 from 1 within 0
5 deliver multicast m1 from 1 within 0
3 deliver multicast m1 from 1 within 0
2 deliver multicast m1 from 1 within 0
0 install view 1 0,1,3,4,5 0
1 install view 1 0,1,3,4,5 0
4 install view 1 0,1,3,4,5 0
3 install view 1 0,1,3,4,5 0
5 install view 1 0,1,3,4,5 0
>>> Press ENTER to exit <<<
